2019-12-09 08:06:13.925062: I tensorflow/core/platform/cpu_feature_guard.cc:142] Your CPU supports instructions that this TensorFlow binary was not compiled to use: AVX2 FMA
2019-12-09 08:06:13.941423: I tensorflow/stream_executor/platform/default/dso_loader.cc:42] Successfully opened dynamic library libcuda.so.1
2019-12-09 08:06:14.214139: I tensorflow/compiler/xla/service/service.cc:168] XLA service 0x697b990 executing computations on platform CUDA. Devices:
2019-12-09 08:06:14.214174: I tensorflow/compiler/xla/service/service.cc:175]   StreamExecutor device (0): Tesla K80, Compute Capability 3.7
2019-12-09 08:06:14.214180: I tensorflow/compiler/xla/service/service.cc:175]   StreamExecutor device (1): Tesla K80, Compute Capability 3.7
2019-12-09 08:06:14.216890: I tensorflow/core/platform/profile_utils/cpu_utils.cc:94] CPU Frequency: 2200105000 Hz
2019-12-09 08:06:14.218033: I tensorflow/compiler/xla/service/service.cc:168] XLA service 0x6a5d2a0 executing computations on platform Host. Devices:
2019-12-09 08:06:14.218051: I tensorflow/compiler/xla/service/service.cc:175]   StreamExecutor device (0): <undefined>, <undefined>
2019-12-09 08:06:14.219247: I tensorflow/core/common_runtime/gpu/gpu_device.cc:1640] Found device 0 with properties: 
name: Tesla K80 major: 3 minor: 7 memoryClockRate(GHz): 0.8235
pciBusID: 0000:05:00.0
2019-12-09 08:06:14.220022: I tensorflow/core/common_runtime/gpu/gpu_device.cc:1640] Found device 1 with properties: 
name: Tesla K80 major: 3 minor: 7 memoryClockRate(GHz): 0.8235
pciBusID: 0000:06:00.0
2019-12-09 08:06:14.220270: I tensorflow/stream_executor/platform/default/dso_loader.cc:42] Successfully opened dynamic library libcudart.so.10.0
2019-12-09 08:06:14.221636: I tensorflow/stream_executor/platform/default/dso_loader.cc:42] Successfully opened dynamic library libcublas.so.10.0
2019-12-09 08:06:14.222970: I tensorflow/stream_executor/platform/default/dso_loader.cc:42] Successfully opened dynamic library libcufft.so.10.0
2019-12-09 08:06:14.223242: I tensorflow/stream_executor/platform/default/dso_loader.cc:42] Successfully opened dynamic library libcurand.so.10.0
2019-12-09 08:06:14.224826: I tensorflow/stream_executor/platform/default/dso_loader.cc:42] Successfully opened dynamic library libcusolver.so.10.0
2019-12-09 08:06:14.225914: I tensorflow/stream_executor/platform/default/dso_loader.cc:42] Successfully opened dynamic library libcusparse.so.10.0
2019-12-09 08:06:14.229457: I tensorflow/stream_executor/platform/default/dso_loader.cc:42] Successfully opened dynamic library libcudnn.so.7
2019-12-09 08:06:14.232390: I tensorflow/core/common_runtime/gpu/gpu_device.cc:1763] Adding visible gpu devices: 0, 1
2019-12-09 08:06:14.232420: I tensorflow/stream_executor/platform/default/dso_loader.cc:42] Successfully opened dynamic library libcudart.so.10.0
2019-12-09 08:06:14.234341: I tensorflow/core/common_runtime/gpu/gpu_device.cc:1181] Device interconnect StreamExecutor with strength 1 edge matrix:
2019-12-09 08:06:14.234356: I tensorflow/core/common_runtime/gpu/gpu_device.cc:1187]      0 1 
2019-12-09 08:06:14.234365: I tensorflow/core/common_runtime/gpu/gpu_device.cc:1200] 0:   N Y 
2019-12-09 08:06:14.234369: I tensorflow/core/common_runtime/gpu/gpu_device.cc:1200] 1:   Y N 
2019-12-09 08:06:14.237020: I tensorflow/core/common_runtime/gpu/gpu_device.cc:1326] Created TensorFlow device (/job:localhost/replica:0/task:0/device:GPU:0 with 10802 MB memory) -> physical GPU (device: 0, name: Tesla K80, pci bus id: 0000:05:00.0, compute capability: 3.7)
2019-12-09 08:06:14.238269: I tensorflow/core/common_runtime/gpu/gpu_device.cc:1326] Created TensorFlow device (/job:localhost/replica:0/task:0/device:GPU:1 with 10802 MB memory) -> physical GPU (device: 1, name: Tesla K80, pci bus id: 0000:06:00.0, compute capability: 3.7)
2019-12-09 08:06:20.385701: I tensorflow/stream_executor/platform/default/dso_loader.cc:42] Successfully opened dynamic library libcublas.so.10.0
2019-12-09 08:06:20.536145: I tensorflow/stream_executor/platform/default/dso_loader.cc:42] Successfully opened dynamic library libcudnn.so.7
